10:31:08.799 [main] INFO  c.vasylchenko.configs.LoggingAspect - Method init[interface com.vasylchenko.calclibrary.interfaces.OperationProvider] start working
10:31:08.806 [main] INFO  c.vasylchenko.configs.LoggingAspect - Method initAdditionalOperation[interface com.vasylchenko.calclibrary.interfaces.OperationProvider] start working
10:31:08.807 [main] INFO  c.vasylchenko.configs.LoggingAspect - Method initAdditionalOperation[interface com.vasylchenko.calclibrary.interfaces.OperationProvider] start working
10:31:08.841 [main] INFO  c.vasylchenko.configs.LoggingAspect - Method getAllOperations[interface com.vasylchenko.calclibrary.interfaces.OperationProvider] start working
10:31:08.968 [main] INFO  c.vasylchenko.configs.LoggingAspect - Method expressionParser[interface com.vasylchenko.calclibrary.interfaces.Parser] start working
10:31:08.971 [main] INFO  c.vasylchenko.configs.LoggingAspect - Method getOperator[interface com.vasylchenko.calclibrary.interfaces.Parser] start working
10:31:08.972 [main] INFO  c.vasylchenko.configs.LoggingAspect - Method getOperator[interface com.vasylchenko.calclibrary.interfaces.Parser] start working
10:31:08.972 [main] INFO  c.vasylchenko.configs.LoggingAspect - Method getOperator[interface com.vasylchenko.calclibrary.interfaces.Parser] start working
10:31:08.972 [main] INFO  c.vasylchenko.configs.LoggingAspect - Method getOperator[interface com.vasylchenko.calclibrary.interfaces.Parser] start working
10:31:08.973 [main] ERROR c.vasylchenko.configs.LoggingAspect - F**k...something wrong...
10:31:08.977 [main] ERROR c.vasylchenko.configs.LoggingAspect - Write something in the log... We have caught exception in method: calculate with arguments [^,-5,3]
and the full toString: String com.vasylchenko.calclibrary.sources.Calculator.calculate(String)
the exception is: [Error:] Unregistered operation
java.lang.IllegalArgumentException: [Error:] Unregistered operation
	at com.vasylchenko.calclibrary.sources.Calculator.calculate(Calculator.java:29)
	at com.vasylchenko.calclibrary.sources.Calculator$$FastClassBySpringCGLIB$$5da6802e.invoke(<generated>)
	at org.springframework.cglib.proxy.MethodProxy.invoke(MethodProxy.java:204)
	at org.springframework.aop.framework.CglibAopProxy$CglibMethodInvocation.invokeJoinpoint(CglibAopProxy.java:720)
	at org.springframework.aop.framework.ReflectiveMethodInvocation.proceed(ReflectiveMethodInvocation.java:157)
	at org.springframework.aop.aspectj.AspectJAfterThrowingAdvice.invoke(AspectJAfterThrowingAdvice.java:59)
	at org.springframework.aop.framework.ReflectiveMethodInvocation.proceed(ReflectiveMethodInvocation.java:179)
	at org.springframework.aop.interceptor.ExposeInvocationInterceptor.invoke(ExposeInvocationInterceptor.java:92)
	at org.springframework.aop.framework.ReflectiveMethodInvocation.proceed(ReflectiveMethodInvocation.java:179)
	at org.springframework.aop.framework.CglibAopProxy$DynamicAdvisedInterceptor.intercept(CglibAopProxy.java:655)
	at com.vasylchenko.calclibrary.sources.Calculator$$EnhancerBySpringCGLIB$$94b011e.calculate(<generated>)
	at com.vasylchenko.BootstrapTest.testErrorOperation(BootstrapTest.java:34)
	at sun.reflect.NativeMethodAccessorImpl.invoke0(Native Method)
	at sun.reflect.NativeMethodAccessorImpl.invoke(NativeMethodAccessorImpl.java:62)
	at sun.reflect.DelegatingMethodAccessorImpl.invoke(DelegatingMethodAccessorImpl.java:43)
	at java.lang.reflect.Method.invoke(Method.java:498)
	at org.junit.runners.model.FrameworkMethod$1.runReflectiveCall(FrameworkMethod.java:50)
	at org.junit.internal.runners.model.ReflectiveCallable.run(ReflectiveCallable.java:12)
	at org.junit.runners.model.FrameworkMethod.invokeExplosively(FrameworkMethod.java:47)
	at org.junit.internal.runners.statements.InvokeMethod.evaluate(InvokeMethod.java:17)
	at org.junit.internal.runners.statements.ExpectException.evaluate(ExpectException.java:19)
	at org.junit.internal.runners.statements.RunBefores.evaluate(RunBefores.java:26)
	at org.junit.runners.ParentRunner.runLeaf(ParentRunner.java:325)
	at org.junit.runners.BlockJUnit4ClassRunner.runChild(BlockJUnit4ClassRunner.java:78)
	at org.junit.runners.BlockJUnit4ClassRunner.runChild(BlockJUnit4ClassRunner.java:57)
	at org.junit.runners.ParentRunner$3.run(ParentRunner.java:290)
	at org.junit.runners.ParentRunner$1.schedule(ParentRunner.java:71)
	at org.junit.runners.ParentRunner.runChildren(ParentRunner.java:288)
	at org.junit.runners.ParentRunner.access$000(ParentRunner.java:58)
	at org.junit.runners.ParentRunner$2.evaluate(ParentRunner.java:268)
	at org.junit.runners.ParentRunner.run(ParentRunner.java:363)
	at org.apache.maven.surefire.junit4.JUnit4TestSet.execute(JUnit4TestSet.java:53)
	at org.apache.maven.surefire.junit4.JUnit4Provider.executeTestSet(JUnit4Provider.java:123)
	at org.apache.maven.surefire.junit4.JUnit4Provider.invoke(JUnit4Provider.java:104)
	at sun.reflect.NativeMethodAccessorImpl.invoke0(Native Method)
	at sun.reflect.NativeMethodAccessorImpl.invoke(NativeMethodAccessorImpl.java:62)
	at sun.reflect.DelegatingMethodAccessorImpl.invoke(DelegatingMethodAccessorImpl.java:43)
	at java.lang.reflect.Method.invoke(Method.java:498)
	at org.apache.maven.surefire.util.ReflectionUtils.invokeMethodWithArray(ReflectionUtils.java:164)
	at org.apache.maven.surefire.booter.ProviderFactory$ProviderProxy.invoke(ProviderFactory.java:110)
	at org.apache.maven.surefire.booter.SurefireStarter.invokeProvider(SurefireStarter.java:175)
	at org.apache.maven.surefire.booter.SurefireStarter.runSuitesInProcessWhenForked(SurefireStarter.java:107)
	at org.apache.maven.surefire.booter.ForkedBooter.main(ForkedBooter.java:68)
10:31:09.089 [main] INFO  c.vasylchenko.configs.LoggingAspect - Method init[interface com.vasylchenko.calclibrary.interfaces.OperationProvider] start working
10:31:09.090 [main] INFO  c.vasylchenko.configs.LoggingAspect - Method initAdditionalOperation[interface com.vasylchenko.calclibrary.interfaces.OperationProvider] start working
10:31:09.090 [main] INFO  c.vasylchenko.configs.LoggingAspect - Method initAdditionalOperation[interface com.vasylchenko.calclibrary.interfaces.OperationProvider] start working
10:31:09.133 [main] INFO  c.vasylchenko.configs.LoggingAspect - Method getAllOperations[interface com.vasylchenko.calclibrary.interfaces.OperationProvider] start working
10:31:09.203 [main] INFO  c.vasylchenko.configs.LoggingAspect - Method expressionParser[interface com.vasylchenko.calclibrary.interfaces.Parser] start working
10:31:09.204 [main] INFO  c.vasylchenko.configs.LoggingAspect - Method getOperator[interface com.vasylchenko.calclibrary.interfaces.Parser] start working
10:31:09.205 [main] INFO  c.vasylchenko.configs.LoggingAspect - Method getOperands[interface com.vasylchenko.calclibrary.interfaces.Parser] start working
10:31:09.205 [main] INFO  c.vasylchenko.configs.LoggingAspect - Method getOperands[interface com.vasylchenko.calclibrary.interfaces.Parser] start working
10:31:09.283 [main] INFO  c.vasylchenko.configs.LoggingAspect - Method init[interface com.vasylchenko.calclibrary.interfaces.OperationProvider] start working
10:31:09.284 [main] INFO  c.vasylchenko.configs.LoggingAspect - Method initAdditionalOperation[interface com.vasylchenko.calclibrary.interfaces.OperationProvider] start working
10:31:09.285 [main] INFO  c.vasylchenko.configs.LoggingAspect - Method initAdditionalOperation[interface com.vasylchenko.calclibrary.interfaces.OperationProvider] start working
10:31:09.336 [main] INFO  c.vasylchenko.configs.LoggingAspect - Method getAllOperations[interface com.vasylchenko.calclibrary.interfaces.OperationProvider] start working
10:31:09.358 [main] INFO  c.vasylchenko.configs.LoggingAspect - Method expressionParser[interface com.vasylchenko.calclibrary.interfaces.Parser] start working
10:31:09.359 [main] INFO  c.vasylchenko.configs.LoggingAspect - Method getOperator[interface com.vasylchenko.calclibrary.interfaces.Parser] start working
10:31:09.360 [main] INFO  c.vasylchenko.configs.LoggingAspect - Method getOperator[interface com.vasylchenko.calclibrary.interfaces.Parser] start working
10:31:09.360 [main] INFO  c.vasylchenko.configs.LoggingAspect - Method getOperator[interface com.vasylchenko.calclibrary.interfaces.Parser] start working
10:31:09.361 [main] INFO  c.vasylchenko.configs.LoggingAspect - Method getOperator[interface com.vasylchenko.calclibrary.interfaces.Parser] start working
10:31:09.362 [main] INFO  c.vasylchenko.configs.LoggingAspect - Method getOperands[interface com.vasylchenko.calclibrary.interfaces.Parser] start working
10:31:09.363 [main] INFO  c.vasylchenko.configs.LoggingAspect - Method getOperands[interface com.vasylchenko.calclibrary.interfaces.Parser] start working
10:31:09.407 [main] INFO  c.vasylchenko.configs.LoggingAspect - Method init[interface com.vasylchenko.calclibrary.interfaces.OperationProvider] start working
10:31:09.407 [main] INFO  c.vasylchenko.configs.LoggingAspect - Method initAdditionalOperation[interface com.vasylchenko.calclibrary.interfaces.OperationProvider] start working
10:31:09.408 [main] INFO  c.vasylchenko.configs.LoggingAspect - Method initAdditionalOperation[interface com.vasylchenko.calclibrary.interfaces.OperationProvider] start working
10:31:09.416 [main] INFO  c.vasylchenko.configs.LoggingAspect - Method getAllOperations[interface com.vasylchenko.calclibrary.interfaces.OperationProvider] start working
10:31:09.434 [main] INFO  c.vasylchenko.configs.LoggingAspect - Method expressionParser[interface com.vasylchenko.calclibrary.interfaces.Parser] start working
10:31:09.435 [main] INFO  c.vasylchenko.configs.LoggingAspect - Method getOperator[interface com.vasylchenko.calclibrary.interfaces.Parser] start working
10:31:09.435 [main] INFO  c.vasylchenko.configs.LoggingAspect - Method getOperator[interface com.vasylchenko.calclibrary.interfaces.Parser] start working
10:31:09.435 [main] INFO  c.vasylchenko.configs.LoggingAspect - Method getOperator[interface com.vasylchenko.calclibrary.interfaces.Parser] start working
10:31:09.435 [main] INFO  c.vasylchenko.configs.LoggingAspect - Method getOperands[interface com.vasylchenko.calclibrary.interfaces.Parser] start working
10:31:09.435 [main] INFO  c.vasylchenko.configs.LoggingAspect - Method getOperands[interface com.vasylchenko.calclibrary.interfaces.Parser] start working
10:31:09.436 [main] ERROR c.vasylchenko.configs.LoggingAspect - F**k...something wrong...
10:31:09.436 [main] ERROR c.vasylchenko.configs.LoggingAspect - Write something in the log... We have caught exception in method: calculate with arguments [/,-5,0]
and the full toString: String com.vasylchenko.calclibrary.sources.Calculator.calculate(String)
the exception is: null
java.lang.NullPointerException: null
	at com.vasylchenko.beans.operations.Dividing.count(Dividing.java:13)
	at com.vasylchenko.calclibrary.sources.Calculator.calculate(Calculator.java:27)
	at com.vasylchenko.calclibrary.sources.Calculator$$FastClassBySpringCGLIB$$5da6802e.invoke(<generated>)
	at org.springframework.cglib.proxy.MethodProxy.invoke(MethodProxy.java:204)
	at org.springframework.aop.framework.CglibAopProxy$CglibMethodInvocation.invokeJoinpoint(CglibAopProxy.java:720)
	at org.springframework.aop.framework.ReflectiveMethodInvocation.proceed(ReflectiveMethodInvocation.java:157)
	at org.springframework.aop.aspectj.AspectJAfterThrowingAdvice.invoke(AspectJAfterThrowingAdvice.java:59)
	at org.springframework.aop.framework.ReflectiveMethodInvocation.proceed(ReflectiveMethodInvocation.java:179)
	at org.springframework.aop.interceptor.ExposeInvocationInterceptor.invoke(ExposeInvocationInterceptor.java:92)
	at org.springframework.aop.framework.ReflectiveMethodInvocation.proceed(ReflectiveMethodInvocation.java:179)
	at org.springframework.aop.framework.CglibAopProxy$DynamicAdvisedInterceptor.intercept(CglibAopProxy.java:655)
	at com.vasylchenko.calclibrary.sources.Calculator$$EnhancerBySpringCGLIB$$94b011e_2.calculate(<generated>)
	at com.vasylchenko.BootstrapTest.testErrorOperate(BootstrapTest.java:39)
	at sun.reflect.NativeMethodAccessorImpl.invoke0(Native Method)
	at sun.reflect.NativeMethodAccessorImpl.invoke(NativeMethodAccessorImpl.java:62)
	at sun.reflect.DelegatingMethodAccessorImpl.invoke(DelegatingMethodAccessorImpl.java:43)
	at java.lang.reflect.Method.invoke(Method.java:498)
	at org.junit.runners.model.FrameworkMethod$1.runReflectiveCall(FrameworkMethod.java:50)
	at org.junit.internal.runners.model.ReflectiveCallable.run(ReflectiveCallable.java:12)
	at org.junit.runners.model.FrameworkMethod.invokeExplosively(FrameworkMethod.java:47)
	at org.junit.internal.runners.statements.InvokeMethod.evaluate(InvokeMethod.java:17)
	at org.junit.internal.runners.statements.ExpectException.evaluate(ExpectException.java:19)
	at org.junit.internal.runners.statements.RunBefores.evaluate(RunBefores.java:26)
	at org.junit.runners.ParentRunner.runLeaf(ParentRunner.java:325)
	at org.junit.runners.BlockJUnit4ClassRunner.runChild(BlockJUnit4ClassRunner.java:78)
	at org.junit.runners.BlockJUnit4ClassRunner.runChild(BlockJUnit4ClassRunner.java:57)
	at org.junit.runners.ParentRunner$3.run(ParentRunner.java:290)
	at org.junit.runners.ParentRunner$1.schedule(ParentRunner.java:71)
	at org.junit.runners.ParentRunner.runChildren(ParentRunner.java:288)
	at org.junit.runners.ParentRunner.access$000(ParentRunner.java:58)
	at org.junit.runners.ParentRunner$2.evaluate(ParentRunner.java:268)
	at org.junit.runners.ParentRunner.run(ParentRunner.java:363)
	at org.apache.maven.surefire.junit4.JUnit4TestSet.execute(JUnit4TestSet.java:53)
	at org.apache.maven.surefire.junit4.JUnit4Provider.executeTestSet(JUnit4Provider.java:123)
	at org.apache.maven.surefire.junit4.JUnit4Provider.invoke(JUnit4Provider.java:104)
	at sun.reflect.NativeMethodAccessorImpl.invoke0(Native Method)
	at sun.reflect.NativeMethodAccessorImpl.invoke(NativeMethodAccessorImpl.java:62)
	at sun.reflect.DelegatingMethodAccessorImpl.invoke(DelegatingMethodAccessorImpl.java:43)
	at java.lang.reflect.Method.invoke(Method.java:498)
	at org.apache.maven.surefire.util.ReflectionUtils.invokeMethodWithArray(ReflectionUtils.java:164)
	at org.apache.maven.surefire.booter.ProviderFactory$ProviderProxy.invoke(ProviderFactory.java:110)
	at org.apache.maven.surefire.booter.SurefireStarter.invokeProvider(SurefireStarter.java:175)
	at org.apache.maven.surefire.booter.SurefireStarter.runSuitesInProcessWhenForked(SurefireStarter.java:107)
	at org.apache.maven.surefire.booter.ForkedBooter.main(ForkedBooter.java:68)
